app/build/intermediates/manifest_merge_blame_file/debug/manifest-merger-blame-debug-report.txt
1<?xml version="1.0" encoding="utf-8"?>
2<manifest xmlns:android="http://schemas.android.com/apk/res/android"
3    package="com.munirderman"
4    android:versionCode="1"
5    android:versionName="1.0" >
6
7    <uses-sdk
8        android:minSdkVersion="21"
8-->src\main\AndroidManifest.xml
9        android:targetSdkVersion="32" />
9-->src\main\AndroidManifest.xml
10
11    <uses-permission android:name="android.permission.WRITE_EXTERNAL_STORAGE" />
11-->src\main\AndroidManifest.xml:5:5-6:40
11-->src\main\AndroidManifest.xml:5:22-78
12    <uses-permission android:name="android.permission.INTERNET" />
12-->src\main\AndroidManifest.xml:7:5-67
12-->src\main\AndroidManifest.xml:7:22-64
13    <uses-permission android:name="android.permission.READ_EXTERNAL_STORAGE" />
13-->src\main\AndroidManifest.xml:8:5-80
13-->src\main\AndroidManifest.xml:8:22-77
14
15    <application
15-->src\main\AndroidManifest.xml:10:5-28:19
16        android:allowBackup="true"
16-->src\main\AndroidManifest.xml:11:9-35
17        android:appComponentFactory="androidx.core.app.CoreComponentFactory"
17-->[androidx.core:core:1.7.0] AndroidManifest.xml:24:18-86
18        android:debuggable="true"
19        android:icon="@mipmap/ic_launcher"
19-->src\main\AndroidManifest.xml:12:9-43
20        android:label="@string/app_name"
20-->src\main\AndroidManifest.xml:13:9-41
21        android:roundIcon="@mipmap/ic_launcher_round"
21-->src\main\AndroidManifest.xml:14:9-54
22        android:supportsRtl="true"
22-->src\main\AndroidManifest.xml:15:9-35
23        android:testOnly="true"
24        android:theme="@style/Theme.MunirDerman" >
24-->src\main\AndroidManifest.xml:16:9-49
25        <activity
25-->src\main\AndroidManifest.xml:17:9-27:20
26            android:name="com.munirderman.MainActivity"
26-->src\main\AndroidManifest.xml:18:13-41
27            android:exported="true"
27-->src\main\AndroidManifest.xml:19:13-36
28            android:label="@string/app_name"
28-->src\main\AndroidManifest.xml:20:13-45
29            android:theme="@style/Theme.AppCompat.Light" >
29-->src\main\AndroidManifest.xml:21:13-57
30            <intent-filter>
30-->src\main\AndroidManifest.xml:22:13-26:29
31                <action android:name="android.intent.action.MAIN" />
31-->src\main\AndroidManifest.xml:23:17-69
31-->src\main\AndroidManifest.xml:23:25-66
32
33                <category android:name="android.intent.category.LAUNCHER" />
33-->src\main\AndroidManifest.xml:25:17-77
33-->src\main\AndroidManifest.xml:25:27-74
34            </intent-filter>
35        </activity>
36
37        <uses-library
37-->[androidx.window:window:1.0.0] AndroidManifest.xml:25:9-27:40
38            android:name="androidx.window.extensions"
38-->[androidx.window:window:1.0.0] AndroidManifest.xml:26:13-54
39            android:required="false" />
39-->[androidx.window:window:1.0.0] AndroidManifest.xml:27:13-37
40        <uses-library
40-->[androidx.window:window:1.0.0] AndroidManifest.xml:28:9-30:40
41            android:name="androidx.window.sidecar"
41-->[androidx.window:window:1.0.0] AndroidManifest.xml:29:13-51
42            android:required="false" />
42-->[androidx.window:window:1.0.0] AndroidManifest.xml:30:13-37
43
44        <provider
44-->[androidx.emoji2:emoji2:1.0.0] AndroidManifest.xml:26:9-34:20
45            android:name="androidx.startup.InitializationProvider"
45-->[androidx.emoji2:emoji2:1.0.0] AndroidManifest.xml:27:13-67
46            android:authorities="com.munirderman.androidx-startup"
46-->[androidx.emoji2:emoji2:1.0.0] AndroidManifest.xml:28:13-68
47            android:exported="false" >
47-->[androidx.emoji2:emoji2:1.0.0] AndroidManifest.xml:29:13-37
48            <meta-data
48-->[androidx.emoji2:emoji2:1.0.0] AndroidManifest.xml:31:13-33:52
49                android:name="androidx.emoji2.text.EmojiCompatInitializer"
49-->[androidx.emoji2:emoji2:1.0.0] AndroidManifest.xml:32:17-75
50                android:value="androidx.startup" />
50-->[androidx.emoji2:emoji2:1.0.0] AndroidManifest.xml:33:17-49
51            <meta-data
51-->[androidx.lifecycle:lifecycle-process:2.4.0] AndroidManifest.xml:31:13-33:52
52                android:name="androidx.lifecycle.ProcessLifecycleInitializer"
52-->[androidx.lifecycle:lifecycle-process:2.4.0] AndroidManifest.xml:32:17-78
53                android:value="androidx.startup" />
53-->[androidx.lifecycle:lifecycle-process:2.4.0] AndroidManifest.xml:33:17-49
54        </provider>
55    </application>
56
57</manifest>